# JRE version: OpenJDK Runtime Environment Zulu11.56+19-CA (11.0.15+10) (build 11.0.15+10-LTS)
# Java VM: OpenJDK 64-Bit Server VM Zulu11.56+19-CA (11.0.15+10-LTS, mixed mode, tiered, compressed oops, g1 gc, windows-amd64)
Heap:
 garbage-first heap   total 262144K, used 165638K [0x00000000e0000000, 0x0000000100000000)
  region size 1024K, 19 young (19456K), 9 survivors (9216K)
 Metaspace       used 67494K, capacity 69864K, committed 70192K, reserved 315392K
  class space    used 8640K, capacity 9459K, committed 9600K, reserved 253952K
GC Heap History (20 events):
Event: 0.488 GC heap before
{Heap before GC invocations=0 (full 0):
 garbage-first heap   total 262144K, used 29696K [0x00000000e0000000, 0x0000000100000000)
  region size 1024K, 24 young (24576K), 0 survivors (0K)
 Metaspace       used 9913K, capacity 10102K, committed 10368K, reserved 264192K
  class space    used 1002K, capacity 1070K, committed 1152K, reserved 253952K
}
Event: 0.490 GC heap after
{Heap after GC invocations=1 (full 0):
 garbage-first heap   total 262144K, used 9198K [0x00000000e0000000, 0x0000000100000000)
  region size 1024K, 3 young (3072K), 3 survivors (3072K)
 Metaspace       used 9913K, capacity 10102K, committed 10368K, reserved 264192K
  class space    used 1002K, capacity 1070K, committed 1152K, reserved 253952K
}
Event: 3.254 GC heap before
{Heap before GC invocations=1 (full 0):
 garbage-first heap   total 262144K, used 105454K [0x00000000e0000000, 0x0000000100000000)
  region size 1024K, 97 young (99328K), 3 survivors (3072K)
 Metaspace       used 20774K, capacity 21165K, committed 21296K, reserved 274432K
  class space    used 2507K, capacity 2660K, committed 2688K, reserved 253952K
}
Event: 3.261 GC heap after
{Heap after GC invocations=2 (full 0):
 garbage-first heap   total 262144K, used 16875K [0x00000000e0000000, 0x0000000100000000)
  region size 1024K, 11 young (11264K), 11 survivors (11264K)
 Metaspace       used 20774K, capacity 21165K, committed 21296K, reserved 274432K
  class space    used 2507K, capacity 2660K, committed 2688K, reserved 253952K
}
Event: 3.464 GC heap before
{Heap before GC invocations=3 (full 0):
 garbage-first heap   total 262144K, used 48619K [0x00000000e0000000, 0x0000000100000000)
  region size 1024K, 42 young (43008K), 11 survivors (11264K)
 Metaspace       used 23975K, capacity 24618K, committed 24752K, reserved 276480K
  class space    used 3011K, capacity 3219K, committed 3328K, reserved 253952K
}
Event: 3.469 GC heap after
{Heap after GC invocations=4 (full 0):
 garbage-first heap   total 262144K, used 18433K [0x00000000e0000000, 0x0000000100000000)
  region size 1024K, 2 young (2048K), 2 survivors (2048K)
 Metaspace       used 23975K, capacity 24618K, committed 24752K, reserved 276480K
  class space    used 3011K, capacity 3219K, committed 3328K, reserved 253952K
}
Event: 4.275 GC heap before
{Heap before GC invocations=4 (full 0):
 garbage-first heap   total 262144K, used 151553K [0x00000000e0000000, 0x0000000100000000)
  region size 1024K, 100 young (102400K), 2 survivors (2048K)
 Metaspace       used 33430K, capacity 34341K, committed 34480K, reserved 284672K
  class space    used 4457K, capacity 4799K, committed 4864K, reserved 253952K
}
Event: 4.278 GC heap after
{Heap after GC invocations=5 (full 0):
 garbage-first heap   total 262144K, used 56953K [0x00000000e0000000, 0x0000000100000000)
  region size 1024K, 8 young (8192K), 8 survivors (8192K)
 Metaspace       used 33430K, capacity 34341K, committed 34480K, reserved 284672K
  class space    used 4457K, capacity 4799K, committed 4864K, reserved 253952K
}
Event: 4.398 GC heap before
{Heap before GC invocations=5 (full 0):
 garbage-first heap   total 262144K, used 65145K [0x00000000e0000000, 0x0000000100000000)
  region size 1024K, 17 young (17408K), 8 survivors (8192K)
 Metaspace       used 34902K, capacity 35819K, committed 35888K, reserved 286720K
  class space    used 4627K, capacity 4971K, committed 4992K, reserved 253952K
}
Event: 4.404 GC heap after
{Heap after GC invocations=6 (full 0):
 garbage-first heap   total 262144K, used 58074K [0x00000000e0000000, 0x0000000100000000)
  region size 1024K, 9 young (9216K), 9 survivors (9216K)
 Metaspace       used 34902K, capacity 35819K, committed 35888K, reserved 286720K
  class space    used 4627K, capacity 4971K, committed 4992K, reserved 253952K
}
Event: 5.504 GC heap before
{Heap before GC invocations=7 (full 0):
 garbage-first heap   total 262144K, used 203482K [0x00000000e0000000, 0x0000000100000000)
  region size 1024K, 127 young (130048K), 9 survivors (9216K)
 Metaspace       used 47209K, capacity 48429K, committed 48560K, reserved 296960K
  class space    used 5860K, capacity 6281K, committed 6400K, reserved 253952K
}
Event: 5.513 GC heap after
{Heap after GC invocations=8 (full 0):
 garbage-first heap   total 262144K, used 89563K [0x00000000e0000000, 0x0000000100000000)
  region size 1024K, 16 young (16384K), 16 survivors (16384K)
 Metaspace       used 47209K, capacity 48429K, committed 48560K, reserved 296960K
  class space    used 5860K, capacity 6281K, committed 6400K, reserved 253952K
}
Event: 6.261 GC heap before
{Heap before GC invocations=8 (full 0):
 garbage-first heap   total 262144K, used 206299K [0x00000000e0000000, 0x0000000100000000)
  region size 1024K, 121 young (123904K), 16 survivors (16384K)
 Metaspace       used 55570K, capacity 57409K, committed 57648K, reserved 305152K
  class space    used 7158K, capacity 7802K, committed 7808K, reserved 253952K
}
Event: 6.272 GC heap after
{Heap after GC invocations=9 (full 0):
 garbage-first heap   total 262144K, used 105343K [0x00000000e0000000, 0x0000000100000000)
  region size 1024K, 7 young (7168K), 7 survivors (7168K)
 Metaspace       used 55570K, capacity 57409K, committed 57648K, reserved 305152K
  class space    used 7158K, capacity 7802K, committed 7808K, reserved 253952K
}
Event: 6.756 GC heap before
{Heap before GC invocations=9 (full 0):
 garbage-first heap   total 262144K, used 204671K [0x00000000e0000000, 0x0000000100000000)
  region size 1024K, 87 young (89088K), 7 survivors (7168K)
 Metaspace       used 57899K, capacity 59783K, committed 59952K, reserved 307200K
  class space    used 7507K, capacity 8223K, committed 8320K, reserved 253952K
}
Event: 6.763 GC heap after
{Heap after GC invocations=10 (full 0):
 garbage-first heap   total 262144K, used 132096K [0x00000000e0000000, 0x0000000100000000)
  region size 1024K, 14 young (14336K), 14 survivors (14336K)
 Metaspace       used 57899K, capacity 59783K, committed 59952K, reserved 307200K
  class space    used 7507K, capacity 8223K, committed 8320K, reserved 253952K
}
Event: 7.173 GC heap before
{Heap before GC invocations=11 (full 0):
 garbage-first heap   total 262144K, used 225280K [0x00000000e0000000, 0x0000000100000000)
  region size 1024K, 92 young (94208K), 14 survivors (14336K)
 Metaspace       used 61856K, capacity 64099K, committed 64176K, reserved 309248K
  class space    used 8094K, capacity 8883K, committed 8960K, reserved 253952K
}
Event: 7.182 GC heap after
{Heap after GC invocations=12 (full 0):
 garbage-first heap   total 262144K, used 149197K [0x00000000e0000000, 0x0000000100000000)
  region size 1024K, 4 young (4096K), 4 survivors (4096K)
 Metaspace       used 61856K, capacity 64099K, committed 64176K, reserved 309248K
  class space    used 8094K, capacity 8883K, committed 8960K, reserved 253952K
}
Event: 7.965 GC heap before
{Heap before GC invocations=12 (full 0):
 garbage-first heap   total 262144K, used 217805K [0x00000000e0000000, 0x0000000100000000)
  region size 1024K, 71 young (72704K), 4 survivors (4096K)
 Metaspace       used 66634K, capacity 69055K, committed 69296K, reserved 315392K
  class space    used 8562K, capacity 9424K, committed 9472K, reserved 253952K
}
Event: 7.978 GC heap after
{Heap after GC invocations=13 (full 0):
 garbage-first heap   total 262144K, used 156422K [0x00000000e0000000, 0x0000000100000000)
  region size 1024K, 9 young (9216K), 9 survivors (9216K)
 Metaspace       used 66634K, capacity 69055K, committed 69296K, reserved 315392K
  class space    used 8562K, capacity 9424K, committed 9472K, reserved 253952K
}

