# JRE version: OpenJDK Runtime Environment Zulu11.56+19-CA (11.0.15+10) (build 11.0.15+10-LTS)
# Java VM: OpenJDK 64-Bit Server VM Zulu11.56+19-CA (11.0.15+10-LTS, mixed mode, tiered, compressed oops, g1 gc, windows-amd64)
Heap:
 garbage-first heap   total 262144K, used 205804K [0x00000000e0000000, 0x0000000100000000)
  region size 1024K, 54 young (55296K), 8 survivors (8192K)
 Metaspace       used 81055K, capacity 83634K, committed 83760K, reserved 327680K
  class space    used 10329K, capacity 11317K, committed 11392K, reserved 253952K
GC Heap History (20 events):
Event: 8.011 GC heap before
{Heap before GC invocations=1 (full 0):
 garbage-first heap   total 262144K, used 104493K [0x00000000e0000000, 0x0000000100000000)
  region size 1024K, 97 young (99328K), 3 survivors (3072K)
 Metaspace       used 20778K, capacity 21165K, committed 21296K, reserved 274432K
  class space    used 2507K, capacity 2660K, committed 2688K, reserved 253952K
}
Event: 8.018 GC heap after
{Heap after GC invocations=2 (full 0):
 garbage-first heap   total 262144K, used 16845K [0x00000000e0000000, 0x0000000100000000)
  region size 1024K, 11 young (11264K), 11 survivors (11264K)
 Metaspace       used 20778K, capacity 21165K, committed 21296K, reserved 274432K
  class space    used 2507K, capacity 2660K, committed 2688K, reserved 253952K
}
Event: 8.343 GC heap before
{Heap before GC invocations=3 (full 0):
 garbage-first heap   total 262144K, used 62925K [0x00000000e0000000, 0x0000000100000000)
  region size 1024K, 56 young (57344K), 11 survivors (11264K)
 Metaspace       used 25559K, capacity 26087K, committed 26160K, reserved 278528K
  class space    used 3240K, capacity 3432K, committed 3456K, reserved 253952K
}
Event: 8.348 GC heap after
{Heap after GC invocations=4 (full 0):
 garbage-first heap   total 262144K, used 18566K [0x00000000e0000000, 0x0000000100000000)
  region size 1024K, 2 young (2048K), 2 survivors (2048K)
 Metaspace       used 25559K, capacity 26087K, committed 26160K, reserved 278528K
  class space    used 3240K, capacity 3432K, committed 3456K, reserved 253952K
}
Event: 9.628 GC heap before
{Heap before GC invocations=4 (full 0):
 garbage-first heap   total 262144K, used 143494K [0x00000000e0000000, 0x0000000100000000)
  region size 1024K, 94 young (96256K), 2 survivors (2048K)
 Metaspace       used 34903K, capacity 35828K, committed 35888K, reserved 286720K
  class space    used 4629K, capacity 4974K, committed 4992K, reserved 253952K
}
Event: 9.633 GC heap after
{Heap after GC invocations=5 (full 0):
 garbage-first heap   total 262144K, used 57887K [0x00000000e0000000, 0x0000000100000000)
  region size 1024K, 9 young (9216K), 9 survivors (9216K)
 Metaspace       used 34903K, capacity 35828K, committed 35888K, reserved 286720K
  class space    used 4629K, capacity 4974K, committed 4992K, reserved 253952K
}
Event: 10.889 GC heap before
{Heap before GC invocations=6 (full 0):
 garbage-first heap   total 262144K, used 191007K [0x00000000e0000000, 0x0000000100000000)
  region size 1024K, 116 young (118784K), 9 survivors (9216K)
 Metaspace       used 45768K, capacity 47037K, committed 47152K, reserved 294912K
  class space    used 5785K, capacity 6244K, committed 6272K, reserved 253952K
}
Event: 10.898 GC heap after
{Heap after GC invocations=7 (full 0):
 garbage-first heap   total 262144K, used 88535K [0x00000000e0000000, 0x0000000100000000)
  region size 1024K, 15 young (15360K), 15 survivors (15360K)
 Metaspace       used 45768K, capacity 47037K, committed 47152K, reserved 294912K
  class space    used 5785K, capacity 6244K, committed 6272K, reserved 253952K
}
Event: 11.677 GC heap before
{Heap before GC invocations=7 (full 0):
 garbage-first heap   total 262144K, used 205271K [0x00000000e0000000, 0x0000000100000000)
  region size 1024K, 120 young (122880K), 15 survivors (15360K)
 Metaspace       used 53116K, capacity 54461K, committed 54576K, reserved 303104K
  class space    used 6797K, capacity 7289K, committed 7296K, reserved 253952K
}
Event: 11.688 GC heap after
{Heap after GC invocations=8 (full 0):
 garbage-first heap   total 262144K, used 103387K [0x00000000e0000000, 0x0000000100000000)
  region size 1024K, 6 young (6144K), 6 survivors (6144K)
 Metaspace       used 53116K, capacity 54461K, committed 54576K, reserved 303104K
  class space    used 6797K, capacity 7289K, committed 7296K, reserved 253952K
}
Event: 12.293 GC heap before
{Heap before GC invocations=8 (full 0):
 garbage-first heap   total 262144K, used 148443K [0x00000000e0000000, 0x0000000100000000)
  region size 1024K, 51 young (52224K), 6 survivors (6144K)
 Metaspace       used 58499K, capacity 60106K, committed 60208K, reserved 307200K
  class space    used 7461K, capacity 8011K, committed 8064K, reserved 253952K
}
Event: 12.298 GC heap after
{Heap after GC invocations=9 (full 0):
 garbage-first heap   total 262144K, used 105268K [0x00000000e0000000, 0x0000000100000000)
  region size 1024K, 8 young (8192K), 8 survivors (8192K)
 Metaspace       used 58499K, capacity 60106K, committed 60208K, reserved 307200K
  class space    used 7461K, capacity 8011K, committed 8064K, reserved 253952K
}
Event: 14.833 GC heap before
{Heap before GC invocations=10 (full 0):
 garbage-first heap   total 262144K, used 207668K [0x00000000e0000000, 0x0000000100000000)
  region size 1024K, 108 young (110592K), 8 survivors (8192K)
 Metaspace       used 70176K, capacity 72132K, committed 72368K, reserved 317440K
  class space    used 8997K, capacity 9716K, committed 9728K, reserved 253952K
}
Event: 14.846 GC heap after
{Heap after GC invocations=11 (full 0):
 garbage-first heap   total 262144K, used 113092K [0x00000000e0000000, 0x0000000100000000)
  region size 1024K, 14 young (14336K), 14 survivors (14336K)
 Metaspace       used 70176K, capacity 72132K, committed 72368K, reserved 317440K
  class space    used 8997K, capacity 9716K, committed 9728K, reserved 253952K
}
Event: 15.776 GC heap before
{Heap before GC invocations=12 (full 0):
 garbage-first heap   total 262144K, used 211396K [0x00000000e0000000, 0x0000000100000000)
  region size 1024K, 94 young (96256K), 14 survivors (14336K)
 Metaspace       used 72111K, capacity 74149K, committed 74288K, reserved 319488K
  class space    used 9255K, capacity 10068K, committed 10112K, reserved 253952K
}
Event: 15.787 GC heap after
{Heap after GC invocations=13 (full 0):
 garbage-first heap   total 262144K, used 138214K [0x00000000e0000000, 0x0000000100000000)
  region size 1024K, 7 young (7168K), 7 survivors (7168K)
 Metaspace       used 72111K, capacity 74149K, committed 74288K, reserved 319488K
  class space    used 9255K, capacity 10068K, committed 10112K, reserved 253952K
}
Event: 16.284 GC heap before
{Heap before GC invocations=14 (full 0):
 garbage-first heap   total 262144K, used 231398K [0x00000000e0000000, 0x0000000100000000)
  region size 1024K, 84 young (86016K), 7 survivors (7168K)
 Metaspace       used 76440K, capacity 78892K, committed 79024K, reserved 323584K
  class space    used 9859K, capacity 10743K, committed 10752K, reserved 253952K
}
Event: 16.287 GC heap after
{Heap after GC invocations=15 (full 0):
 garbage-first heap   total 262144K, used 155350K [0x00000000e0000000, 0x0000000100000000)
  region size 1024K, 10 young (10240K), 10 survivors (10240K)
 Metaspace       used 76440K, capacity 78892K, committed 79024K, reserved 323584K
  class space    used 9859K, capacity 10743K, committed 10752K, reserved 253952K
}
Event: 17.052 GC heap before
{Heap before GC invocations=15 (full 0):
 garbage-first heap   total 262144K, used 221910K [0x00000000e0000000, 0x0000000100000000)
  region size 1024K, 75 young (76800K), 10 survivors (10240K)
 Metaspace       used 80080K, capacity 82663K, committed 82864K, reserved 325632K
  class space    used 10295K, capacity 11258K, committed 11264K, reserved 253952K
}
Event: 17.058 GC heap after
{Heap after GC invocations=16 (full 0):
 garbage-first heap   total 262144K, used 159724K [0x00000000e0000000, 0x0000000100000000)
  region size 1024K, 8 young (8192K), 8 survivors (8192K)
 Metaspace       used 80080K, capacity 82663K, committed 82864K, reserved 325632K
  class space    used 10295K, capacity 11258K, committed 11264K, reserved 253952K
}

